root - INFO - Frase reconhecida: navegador
root - ERROR - Não entendi o que você disse.
root - INFO - Frase reconhecida: navegador
root - ERROR - Não entendi o que você disse.
root - INFO - Frase reconhecida: Microsoft Edge
root - ERROR - Não entendi o que você disse.
root - INFO - Frase reconhecida: tem que falar alguma coisa envolvendo esses essas palavras aqui
root - ERROR - Não entendi o que você disse.
root - INFO - Frase reconhecida: identificando toda vez que ele tá sendo captando capital dali por mais que ele tenha reduz o ruído mas ele tá pegando quando ele não entende e fala não entendi o que você
root - INFO - Frase reconhecida: Fala alguma coisa relacionada
root - INFO - Frase reconhecida: me ensina a mexer no Excel
root - INFO - Frase reconhecida: Eita adorei
root - INFO - Frase reconhecida: Fala qualquer coisa relacionada a essas coisas aqui não só para você falar Ah tá você quer que eu fale É
root - INFO - Frase reconhecida: Ah tá ele tá lendo aqui
root - ERROR - Não entendi o que você disse.
root - INFO - Frase reconhecida: ele não entendeu fica quieto
root - INFO - Frase reconhecida: criar uma planilha em Excel
root - INFO - Frase reconhecida: sim mas envolve treinamento
root - INFO - Frase reconhecida: especializar nisso
root - ERROR - Não entendi o que você disse.
root - INFO - Frase reconhecida: precisar eu dou um jeito de fazer automação na minha máquina não dá não porque você precisa ter acesso do computador
root - INFO - Frase reconhecida: eu acho que assim não dá tem que ser no computador
root - ERROR - Não entendi o que você disse.
root - INFO - Frase reconhecida: automação só no Python aí vai ter que sair o computador é porque eu queria um
root - ERROR - Não entendi o que você disse.
root - ERROR - Não entendi o que você disse.
root - ERROR - Não entendi o que você disse.
root - ERROR - Não entendi o que você disse.
root - ERROR - Não entendi o que você disse.
root - INFO - Frase reconhecida: não vai ganhar doce
root - INFO - Frase reconhecida: Estrada da CPP
root - ERROR - Não entendi o que você disse.
root - INFO - Frase reconhecida: Fernandinho
root - INFO - Frase reconhecida: vocês estão correndo aí mas o negócio é aonde ficaram dizendo que fica inimigo né ninguém me convidou para me chamar não gostei Mariana já terminou o aniversário dela ela falou assim ah eu esqueci
